This is pdfTeX, Version 3.14159265-2.6-1.40.20 (TeX Live 2019/Arch Linux) (preloaded format=pdflatex 2020.2.2)  17 FEB 2020 23:07
entering extended mode
 restricted \write18 enabled.
 %&-line parsing enabled.
**amazon-reviews.tex
(./amazon-reviews.tex
LaTeX2e <2019-10-01> patch level 1
(/usr/share/texmf-dist/tex/latex/base/article.cls
Document Class: article 2019/08/27 v1.4j Standard LaTeX document class
(/usr/share/texmf-dist/tex/latex/base/size10.clo
File: size10.clo 2019/08/27 v1.4j Standard LaTeX file (size option)
)
\c@part=\count80
\c@section=\count81
\c@subsection=\count82
\c@subsubsection=\count83
\c@paragraph=\count84
\c@subparagraph=\count85
\c@figure=\count86
\c@table=\count87
\abovecaptionskip=\skip41
\belowcaptionskip=\skip42
\bibindent=\dimen102
) (./aaai.sty
Conference Style for AAAI for LaTeX 2e -- version of 1 December 2013
\titlebox=\skip43
) (/usr/share/texmf-dist/tex/latex/psnfss/times.sty
Package: times 2005/04/12 PSNFSS-v9.2a (SPQR) 
)
(/usr/share/texmf-dist/tex/latex/psnfss/helvet.sty
Package: helvet 2005/04/12 PSNFSS-v9.2a (WaS) 

(/usr/share/texmf-dist/tex/latex/graphics/keyval.sty
Package: keyval 2014/10/28 v1.15 key=value parser (DPC)
\KV@toks@=\toks14
))
(/usr/share/texmf-dist/tex/latex/hyperref/hyperref.sty
Package: hyperref 2019/09/28 v7.00a Hypertext links for LaTeX

(/usr/share/texmf-dist/tex/generic/oberdiek/hobsub-hyperref.sty
Package: hobsub-hyperref 2016/05/16 v1.14 Bundle oberdiek, subset hyperref (HO)


(/usr/share/texmf-dist/tex/generic/oberdiek/hobsub-generic.sty
Package: hobsub-generic 2016/05/16 v1.14 Bundle oberdiek, subset generic (HO)
Package: hobsub 2016/05/16 v1.14 Construct package bundles (HO)
Package: infwarerr 2016/05/16 v1.4 Providing info/warning/error messages (HO)
Package: ltxcmds 2016/05/16 v1.23 LaTeX kernel commands for general use (HO)
Package: ifluatex 2016/05/16 v1.4 Provides the ifluatex switch (HO)
Package ifluatex Info: LuaTeX not detected.
Package: ifvtex 2016/05/16 v1.6 Detect VTeX and its facilities (HO)
Package ifvtex Info: VTeX not detected.
Package: intcalc 2016/05/16 v1.2 Expandable calculations with integers (HO)
Package: ifpdf 2018/09/07 v3.3 Provides the ifpdf switch
Package: etexcmds 2016/05/16 v1.6 Avoid name clashes with e-TeX commands (HO)
Package: kvsetkeys 2016/05/16 v1.17 Key value parser (HO)
Package: kvdefinekeys 2016/05/16 v1.4 Define keys (HO)
Package: pdftexcmds 2019/07/25 v0.30 Utility functions of pdfTeX for LuaTeX (HO
)
Package pdftexcmds Info: LuaTeX not detected.
Package pdftexcmds Info: \pdf@primitive is available.
Package pdftexcmds Info: \pdf@ifprimitive is available.
Package pdftexcmds Info: \pdfdraftmode found.
Package: pdfescape 2016/05/16 v1.14 Implements pdfTeX's escape features (HO)
Package: bigintcalc 2016/05/16 v1.4 Expandable calculations on big integers (HO
)
Package: bitset 2016/05/16 v1.2 Handle bit-vector datatype (HO)
Package: uniquecounter 2016/05/16 v1.3 Provide unlimited unique counter (HO)
)
Package hobsub Info: Skipping package `hobsub' (already loaded).
Package: letltxmacro 2016/05/16 v1.5 Let assignment for LaTeX macros (HO)
Package: hopatch 2016/05/16 v1.3 Wrapper for package hooks (HO)
Package: xcolor-patch 2016/05/16 xcolor patch
Package: atveryend 2016/05/16 v1.9 Hooks at the very end of document (HO)
Package atveryend Info: \enddocument detected (standard20110627).
Package: atbegshi 2016/06/09 v1.18 At begin shipout hook (HO)
Package: refcount 2016/05/16 v3.5 Data extraction from label references (HO)
Package: hycolor 2016/05/16 v1.8 Color options for hyperref/bookmark (HO)
)
(/usr/share/texmf-dist/tex/generic/ifxetex/ifxetex.sty
Package: ifxetex 2010/09/12 v0.6 Provides ifxetex conditional
)
(/usr/share/texmf-dist/tex/latex/oberdiek/auxhook.sty
Package: auxhook 2016/05/16 v1.4 Hooks for auxiliary files (HO)
)
(/usr/share/texmf-dist/tex/latex/oberdiek/kvoptions.sty
Package: kvoptions 2016/05/16 v3.12 Key value format for package options (HO)
)
\@linkdim=\dimen103
\Hy@linkcounter=\count88
\Hy@pagecounter=\count89

(/usr/share/texmf-dist/tex/latex/hyperref/pd1enc.def
File: pd1enc.def 2019/09/28 v7.00a Hyperref: PDFDocEncoding definition (HO)
Now handling font encoding PD1 ...
... no UTF-8 mapping file for font encoding PD1
)
\Hy@SavedSpaceFactor=\count90

(/usr/share/texmf-dist/tex/latex/latexconfig/hyperref.cfg
File: hyperref.cfg 2002/06/06 v1.2 hyperref configuration of TeXLive
)
Package hyperref Info: Option `colorlinks' set `true' on input line 4414.
Package hyperref Info: Hyper figures OFF on input line 4540.
Package hyperref Info: Link nesting OFF on input line 4545.
Package hyperref Info: Hyper index ON on input line 4548.
Package hyperref Info: Plain pages OFF on input line 4555.
Package hyperref Info: Backreferencing OFF on input line 4560.
Package hyperref Info: Implicit mode ON; LaTeX internals redefined.
Package hyperref Info: Bookmarks ON on input line 4793.
\c@Hy@tempcnt=\count91

(/usr/share/texmf-dist/tex/latex/url/url.sty
\Urlmuskip=\muskip10
Package: url 2013/09/16  ver 3.4  Verb mode for urls, etc.
)
LaTeX Info: Redefining \url on input line 5152.
\XeTeXLinkMargin=\dimen104
\Fld@menulength=\count92
\Field@Width=\dimen105
\Fld@charsize=\dimen106
Package hyperref Info: Hyper figures OFF on input line 6423.
Package hyperref Info: Link nesting OFF on input line 6428.
Package hyperref Info: Hyper index ON on input line 6431.
Package hyperref Info: backreferencing OFF on input line 6438.
Package hyperref Info: Link coloring ON on input line 6441.
Package hyperref Info: Link coloring with OCG OFF on input line 6448.
Package hyperref Info: PDF/A mode OFF on input line 6453.
LaTeX Info: Redefining \ref on input line 6493.
LaTeX Info: Redefining \pageref on input line 6497.
\Hy@abspage=\count93
\c@Item=\count94
\c@Hfootnote=\count95
)
Package hyperref Info: Driver (autodetected): hpdftex.

(/usr/share/texmf-dist/tex/latex/hyperref/hpdftex.def
File: hpdftex.def 2019/09/28 v7.00a Hyperref driver for pdfTeX
\Fld@listcount=\count96
\c@bookmark@seq@number=\count97

(/usr/share/texmf-dist/tex/latex/oberdiek/rerunfilecheck.sty
Package: rerunfilecheck 2016/05/16 v1.8 Rerun checks for auxiliary files (HO)
Package uniquecounter Info: New unique counter `rerunfilecheck' on input line 2
82.
)
\Hy@SectionHShift=\skip44
)
(/usr/share/texmf-dist/tex/latex/psnfss/courier.sty
Package: courier 2005/04/12 PSNFSS-v9.2a (WaS) 
)
(/usr/share/texmf-dist/tex/latex/graphics/graphicx.sty
Package: graphicx 2017/06/01 v1.1a Enhanced LaTeX Graphics (DPC,SPQR)

(/usr/share/texmf-dist/tex/latex/graphics/graphics.sty
Package: graphics 2019/10/08 v1.3c Standard LaTeX Graphics (DPC,SPQR)

(/usr/share/texmf-dist/tex/latex/graphics/trig.sty
Package: trig 2016/01/03 v1.10 sin cos tan (DPC)
)
(/usr/share/texmf-dist/tex/latex/graphics-cfg/graphics.cfg
File: graphics.cfg 2016/06/04 v1.11 sample graphics configuration
)
Package graphics Info: Driver file: pdftex.def on input line 105.

(/usr/share/texmf-dist/tex/latex/graphics-def/pdftex.def
File: pdftex.def 2018/01/08 v1.0l Graphics/color driver for pdftex
))
\Gin@req@height=\dimen107
\Gin@req@width=\dimen108
)
(/usr/share/texmf-dist/tex/latex/float/float.sty
Package: float 2001/11/08 v1.3d Float enhancements (AL)
\c@float@type=\count98
\float@exts=\toks15
\float@box=\box27
\@float@everytoks=\toks16
\@floatcapt=\box28
)
No file amazon-reviews.aux.
\openout1 = `amazon-reviews.aux'.

LaTeX Font Info:    Checking defaults for OML/cmm/m/it on input line 13.
LaTeX Font Info:    ... okay on input line 13.
LaTeX Font Info:    Checking defaults for T1/cmr/m/n on input line 13.
LaTeX Font Info:    ... okay on input line 13.
LaTeX Font Info:    Checking defaults for OT1/cmr/m/n on input line 13.
LaTeX Font Info:    ... okay on input line 13.
LaTeX Font Info:    Checking defaults for OMS/cmsy/m/n on input line 13.
LaTeX Font Info:    ... okay on input line 13.
LaTeX Font Info:    Checking defaults for OMX/cmex/m/n on input line 13.
LaTeX Font Info:    ... okay on input line 13.
LaTeX Font Info:    Checking defaults for U/cmr/m/n on input line 13.
LaTeX Font Info:    ... okay on input line 13.
LaTeX Font Info:    Checking defaults for PD1/pdf/m/n on input line 13.
LaTeX Font Info:    ... okay on input line 13.
LaTeX Font Info:    Trying to load font information for OT1+ptm on input line 1
3.
(/usr/share/texmf-dist/tex/latex/psnfss/ot1ptm.fd
File: ot1ptm.fd 2001/06/04 font definitions for OT1/ptm.
)
\AtBeginShipoutBox=\box29

(/usr/share/texmf-dist/tex/latex/graphics/color.sty
Package: color 2016/07/10 v1.1e Standard LaTeX Color (DPC)

(/usr/share/texmf-dist/tex/latex/graphics-cfg/color.cfg
File: color.cfg 2016/01/02 v1.6 sample color configuration
)
Package color Info: Driver file: pdftex.def on input line 147.
)
Package hyperref Info: Link coloring ON on input line 13.

(/usr/share/texmf-dist/tex/latex/hyperref/nameref.sty
Package: nameref 2019/09/16 v2.46 Cross-referencing by name of section

(/usr/share/texmf-dist/tex/generic/oberdiek/gettitlestring.sty
Package: gettitlestring 2016/05/16 v1.5 Cleanup title references (HO)
)
\c@section@level=\count99
)
LaTeX Info: Redefining \ref on input line 13.
LaTeX Info: Redefining \pageref on input line 13.
LaTeX Info: Redefining \nameref on input line 13.
\@outlinefile=\write3
\openout3 = `amazon-reviews.out'.


(/usr/share/texmf-dist/tex/context/base/mkii/supp-pdf.mkii
[Loading MPS to PDF converter (version 2006.09.02).]
\scratchcounter=\count100
\scratchdimen=\dimen109
\scratchbox=\box30
\nofMPsegments=\count101
\nofMParguments=\count102
\everyMPshowfont=\toks17
\MPscratchCnt=\count103
\MPscratchDim=\dimen110
\MPnumerator=\count104
\makeMPintoPDFobject=\count105
\everyMPtoPDFconversion=\toks18
) (/usr/share/texmf-dist/tex/latex/oberdiek/epstopdf-base.sty
Package: epstopdf-base 2016/05/15 v2.6 Base part for package epstopdf

(/usr/share/texmf-dist/tex/latex/oberdiek/grfext.sty
Package: grfext 2016/05/16 v1.2 Manage graphics extensions (HO)
)
Package epstopdf-base Info: Redefining graphics rule for `.eps' on input line 4
38.
Package grfext Info: Graphics extension search list:
(grfext)             [.pdf,.png,.jpg,.mps,.jpeg,.jbig2,.jb2,.PDF,.PNG,.JPG,.JPE
G,.JBIG2,.JB2,.eps]
(grfext)             \AppendGraphicsExtensions on input line 456.

(/usr/share/texmf-dist/tex/latex/latexconfig/epstopdf-sys.cfg
File: epstopdf-sys.cfg 2010/07/13 v1.3 Configuration of (r)epstopdf for TeX Liv
e
))
LaTeX Font Info:    Font shape `OT1/ptm/bx/n' in size <14.4> not available
(Font)              Font shape `OT1/ptm/b/n' tried instead on input line 18.
LaTeX Font Info:    External font `cmex10' loaded for size
(Font)              <7> on input line 18.
LaTeX Font Info:    External font `cmex10' loaded for size
(Font)              <5> on input line 18.
LaTeX Font Info:    Font shape `OT1/ptm/bx/n' in size <12> not available
(Font)              Font shape `OT1/ptm/b/n' tried instead on input line 18.
LaTeX Font Info:    Font shape `OT1/ptm/bx/n' in size <10> not available
(Font)              Font shape `OT1/ptm/b/n' tried instead on input line 26.
<dataset-distribution.png, id=5, 395.4775pt x 248.93pt>
File: dataset-distribution.png Graphic file (type png)
<use dataset-distribution.png>
Package pdftex.def Info: dataset-distribution.png  used on input line 37.
(pdftex.def)             Requested size: 197.73827pt x 124.46469pt.
<train-test.png, id=7, 843.15pt x 374.39874pt>
File: train-test.png Graphic file (type png)
<use train-test.png>
Package pdftex.def Info: train-test.png  used on input line 46.
(pdftex.def)             Requested size: 252.94695pt x 112.32048pt.

Overfull \hbox (13.55257pt too wide) in paragraph at lines 46--47
 [][] 
 []

LaTeX Font Info:    Trying to load font information for OMS+ptm on input line 5
3.
(/usr/share/texmf-dist/tex/latex/psnfss/omsptm.fd
File: omsptm.fd 
)
LaTeX Font Info:    Font shape `OMS/ptm/m/n' in size <10> not available
(Font)              Font shape `OMS/cmsy/m/n' tried instead on input line 53.

Underfull \hbox (badness 1337) in paragraph at lines 54--55
[]\OT1/ptm/m/n/10 Discarding some ar-bi-trary data from over-rep-re-sented
 []

<downsampling.png, id=8, 389.455pt x 248.93pt>
File: downsampling.png Graphic file (type png)
<use downsampling.png>
Package pdftex.def Info: downsampling.png  used on input line 60.
(pdftex.def)             Requested size: 194.72702pt x 124.46469pt.
[1{/var/lib/texmf/fonts/map/pdftex/updmap/pdftex.map}



pdfTeX warning (ext4): destination with the same identifier (name{figure.1}) ha
s been already used, duplicate ignored

\AtBegShi@Output ...ipout \box \AtBeginShipoutBox 
                                                  \fi \fi 
l.73 \[
        orderedErr(class) = \frac{\Sigma \mid pred_i - true_i \mid}{\# class...
pdfTeX warning (ext4): destination with the same identifier (name{figure.2}) ha
s been already used, duplicate ignored

\AtBegShi@Output ...ipout \box \AtBeginShipoutBox 
                                                  \fi \fi 
l.73 \[
        orderedErr(class) = \frac{\Sigma \mid pred_i - true_i \mid}{\# class...
pdfTeX warning (ext4): destination with the same identifier (name{figure.3}) ha
s been already used, duplicate ignored

\AtBegShi@Output ...ipout \box \AtBeginShipoutBox 
                                                  \fi \fi 
l.73 \[
        orderedErr(class) = \frac{\Sigma \mid pred_i - true_i \mid}{\# class...
 <./dataset-distribution.png> <./train-test.png> <./downsampling.png>]
<baseline-confusion-matrix.png, id=28, 310.15875pt x 262.9825pt>
File: baseline-confusion-matrix.png Graphic file (type png)
<use baseline-confusion-matrix.png>
Package pdftex.def Info: baseline-confusion-matrix.png  used on input line 127.

(pdftex.def)             Requested size: 279.14029pt x 236.68205pt.

Overfull \hbox (39.74591pt too wide) in paragraph at lines 127--128
 [][] 
 []

[2pdfTeX warning (ext4): destination with the same identifier (name{figure.4}) 
has been already used, duplicate ignored

\AtBegShi@Output ...ipout \box \AtBeginShipoutBox 
                                                  \fi \fi 
l.155 
       <./baseline-confusion-matrix.png>]
Underfull \hbox (badness 10000) in paragraph at lines 157--159
[]\OT1/ptm/m/n/10 For the balanced-accuracy-proritizing es-ti-ma-tor,
 []


Underfull \hbox (badness 10000) in paragraph at lines 157--159
\OT1/ptm/b/n/10 47.3654% \OT1/ptm/m/n/10 bal-anced ac-cu-racy with \OT1/ptm/b/n
/10 48.8517% \OT1/ptm/m/n/10 of
 []


Underfull \hbox (badness 10000) in paragraph at lines 160--162
[]\OT1/ptm/m/n/10 Averaged order-aware er-rors: \OT1/ptm/b/n/10 #1: 1.619118, #
2:
 []

<naive-bayes-best-balanced.png, id=43, 310.15875pt x 263.98625pt>
File: naive-bayes-best-balanced.png Graphic file (type png)
<use naive-bayes-best-balanced.png>
Package pdftex.def Info: naive-bayes-best-balanced.png  used on input line 171.

(pdftex.def)             Requested size: 201.6008pt x 171.58902pt.
<naive-bayes-best-real-world.png, id=44, 310.15875pt x 262.9825pt>
File: naive-bayes-best-real-world.png Graphic file (type png)
<use naive-bayes-best-real-world.png>
Package pdftex.def Info: naive-bayes-best-real-world.png  used on input line 17
7.
(pdftex.def)             Requested size: 201.6008pt x 170.93658pt.

Underfull \vbox (badness 10000) has occurred while \output is active []

<naive-bayes-balanced-to-simple.png, id=45, 439.6425pt x 279.0425pt>
File: naive-bayes-balanced-to-simple.png Graphic file (type png)
<use naive-bayes-balanced-to-simple.png>
Package pdftex.def Info: naive-bayes-balanced-to-simple.png  used on input line
 186.
(pdftex.def)             Requested size: 219.82071pt x 139.5209pt.
<naive-bayes-simple-to-balanced.png, id=46, 431.6125pt x 279.0425pt>
File: naive-bayes-simple-to-balanced.png Graphic file (type png)
<use naive-bayes-simple-to-balanced.png>
Package pdftex.def Info: naive-bayes-simple-to-balanced.png  used on input line
 192.
(pdftex.def)             Requested size: 215.80571pt x 139.5209pt.
 [3pdfTeX warning (ext4): destination with the same identifier (name{figure.5})
 has been already used, duplicate ignored

\AtBegShi@Output ...ipout \box \AtBeginShipoutBox 
                                                  \fi \fi 
l.203 
      pdfTeX warning (ext4): destination with the same identifier (name{figure.
6}) has been already used, duplicate ignored

\AtBegShi@Output ...ipout \box \AtBeginShipoutBox 
                                                  \fi \fi 
l.203 
      pdfTeX warning (ext4): destination with the same identifier (name{figure.
7}) has been already used, duplicate ignored

\AtBegShi@Output ...ipout \box \AtBeginShipoutBox 
                                                  \fi \fi 
l.203 
      pdfTeX warning (ext4): destination with the same identifier (name{figure.
8}) has been already used, duplicate ignored

\AtBegShi@Output ...ipout \box \AtBeginShipoutBox 
                                                  \fi \fi 
l.203 
       <./naive-bayes-best-balanced.png> <./naive-bayes-best-real-world.png> <.
/naive-bayes-balanced-to-simple.png> <./naive-bayes-simple-to-balanced.png>]
<logreg-behavior.png, id=60, 393.47pt x 279.0425pt>
File: logreg-behavior.png Graphic file (type png)
<use logreg-behavior.png>
Package pdftex.def Info: logreg-behavior.png  used on input line 238.
(pdftex.def)             Requested size: 275.42711pt x 195.3284pt.

Overfull \hbox (36.03273pt too wide) in paragraph at lines 238--239
 [][] 
 []


Underfull \vbox (badness 10000) has occurred while \output is active []

<logreg-before.png, id=61, 310.15875pt x 262.9825pt>
File: logreg-before.png Graphic file (type png)
<use logreg-before.png>
Package pdftex.def Info: logreg-before.png  used on input line 244.
(pdftex.def)             Requested size: 201.6008pt x 170.93658pt.
<logreg-after.png, id=62, 310.15875pt x 262.9825pt>
File: logreg-after.png Graphic file (type png)
<use logreg-after.png>
Package pdftex.def Info: logreg-after.png  used on input line 250.
(pdftex.def)             Requested size: 201.6008pt x 170.93658pt.

Underfull \vbox (badness 10000) has occurred while \output is active []

 [4pdfTeX warning (ext4): destination with the same identifier (name{figure.9})
 has been already used, duplicate ignored

\AtBegShi@Output ...ipout \box \AtBeginShipoutBox 
                                                  \fi \fi 
l.253 
      pdfTeX warning (ext4): destination with the same identifier (name{figure.
10}) has been already used, duplicate ignored

\AtBegShi@Output ...ipout \box \AtBeginShipoutBox 
                                                  \fi \fi 
l.253 
       <./logreg-behavior.png> <./logreg-before.png>]
<log-regression-best-simple.png, id=71, 310.15875pt x 262.9825pt>
File: log-regression-best-simple.png Graphic file (type png)
<use log-regression-best-simple.png>
Package pdftex.def Info: log-regression-best-simple.png  used on input line 256
.
(pdftex.def)             Requested size: 201.6008pt x 170.93658pt.

Underfull \hbox (badness 10000) in paragraph at lines 269--270
[]\OT1/ptm/m/n/10 Most promis-ing com-bi-na-tion af-ter re-train-ing =
 []


Underfull \hbox (badness 10000) in paragraph at lines 271--273
[]\OT1/ptm/m/n/10 Averaged order-aware er-rors: \OT1/ptm/b/n/10 #1: 1.830312, #
2:
 []


Underfull \hbox (badness 1142) in paragraph at lines 271--273
\OT1/ptm/b/n/10 1.277904,#3: 1.316928, #4: 1.227841, #5: 1.716943,
 []

<adaboost-best.png, id=72, 310.15875pt x 262.9825pt>
File: adaboost-best.png Graphic file (type png)
<use adaboost-best.png>
Package pdftex.def Info: adaboost-best.png  used on input line 290.
(pdftex.def)             Requested size: 201.6008pt x 170.93658pt.
<adaboost-absolute-best.png, id=73, 310.15875pt x 262.9825pt>
File: adaboost-absolute-best.png Graphic file (type png)
<use adaboost-absolute-best.png>
Package pdftex.def Info: adaboost-absolute-best.png  used on input line 296.
(pdftex.def)             Requested size: 201.6008pt x 170.93658pt.
<adaboost-best-simple.png, id=74, 310.15875pt x 262.9825pt>
File: adaboost-best-simple.png Graphic file (type png)
<use adaboost-best-simple.png>
Package pdftex.def Info: adaboost-best-simple.png  used on input line 302.
(pdftex.def)             Requested size: 201.6008pt x 170.93658pt.

LaTeX Warning: `h' float specifier changed to `ht'.

<adaboost-increase.png, id=75, 393.47pt x 279.0425pt>
File: adaboost-increase.png Graphic file (type png)
<use adaboost-increase.png>
Package pdftex.def Info: adaboost-increase.png  used on input line 308.
(pdftex.def)             Requested size: 314.77641pt x 223.2343pt.

Overfull \hbox (75.38203pt too wide) in paragraph at lines 308--309
 [][] 
 []


LaTeX Warning: `h' float specifier changed to `ht'.

Package atveryend Info: Empty hook `BeforeClearDocument' on input line 312.
[5pdfTeX warning (ext4): destination with the same identifier (name{figure.11})
 has been already used, duplicate ignored

\AtBegShi@Output ...ipout \box \AtBeginShipoutBox 
                                                  \fi \fi 
l.312 \end{document}
                    pdfTeX warning (ext4): destination with the same identifier
 (name{figure.12}) has been already used, duplicate ignored

\AtBegShi@Output ...ipout \box \AtBeginShipoutBox 
                                                  \fi \fi 
l.312 \end{document}
                    pdfTeX warning (ext4): destination with the same identifier
 (name{figure.13}) has been already used, duplicate ignored

\AtBegShi@Output ...ipout \box \AtBeginShipoutBox 
                                                  \fi \fi 
l.312 \end{document}
                    pdfTeX warning (ext4): destination with the same identifier
 (name{figure.14}) has been already used, duplicate ignored

\AtBegShi@Output ...ipout \box \AtBeginShipoutBox 
                                                  \fi \fi 
l.312 \end{document}
                     <./logreg-after.png> <./log-regression-best-simple.png> <.
/adaboost-best.png> <./adaboost-absolute-best.png>] [6pdfTeX warning (ext4): de
stination with the same identifier (name{figure.15}) has been already used, dup
licate ignored

\AtBegShi@Output ...ipout \box \AtBeginShipoutBox 
                                                  \fi \fi 
l.312 \end{document}
                    pdfTeX warning (ext4): destination with the same identifier
 (name{figure.16}) has been already used, duplicate ignored

\AtBegShi@Output ...ipout \box \AtBeginShipoutBox 
                                                  \fi \fi 
l.312 \end{document}
                    

 <./adaboost-best-simple.png> <./adaboost-increase.png>]
Package atveryend Info: Empty hook `AfterLastShipout' on input line 312.

(./amazon-reviews.aux)
Package atveryend Info: Executing hook `AtVeryEndDocument' on input line 312.
Package atveryend Info: Executing hook `AtEndAfterFileList' on input line 312.


Package rerunfilecheck Warning: File `amazon-reviews.out' has changed.
(rerunfilecheck)                Rerun to get outlines right
(rerunfilecheck)                or use package `bookmark'.

Package rerunfilecheck Info: Checksums for `amazon-reviews.out':
(rerunfilecheck)             Before: <no file>
(rerunfilecheck)             After:  5C5FE405D22E181B4DAD1FFC52EED9D3;533.
Package atveryend Info: Empty hook `AtVeryVeryEnd' on input line 312.
 ) 
Here is how much of TeX's memory you used:
 5368 strings out of 492167
 80345 string characters out of 6131559
 174760 words of memory out of 5000000
 9655 multiletter control sequences out of 15000+600000
 12801 words of font info for 26 fonts, out of 8000000 for 9000
 1141 hyphenation exceptions out of 8191
 31i,11n,28p,256b,322s stack positions out of 5000i,500n,10000p,200000b,80000s
{/usr/share/texmf-dist/fonts/enc/dvips/base/8r.enc}</usr/share/texmf-dist/fon
ts/type1/public/amsfonts/cm/cmmi10.pfb></usr/share/texmf-dist/fonts/type1/publi
c/amsfonts/cm/cmmi7.pfb></usr/share/texmf-dist/fonts/type1/public/amsfonts/cm/c
mr10.pfb></usr/share/texmf-dist/fonts/type1/public/amsfonts/cm/cmsy10.pfb></usr
/share/texmf-dist/fonts/type1/urw/times/utmb8a.pfb></usr/share/texmf-dist/fonts
/type1/urw/times/utmr8a.pfb></usr/share/texmf-dist/fonts/type1/urw/times/utmri8
a.pfb>
Output written on amazon-reviews.pdf (6 pages, 263941 bytes).
PDF statistics:
 130 PDF objects out of 1000 (max. 8388607)
 82 compressed objects within 1 object stream
 34 named destinations out of 1000 (max. 500000)
 81 words of extra memory for PDF output out of 10000 (max. 10000000)

